# JRE version: OpenJDK Runtime Environment (21.0.1+12) (build 21.0.1+12-29)
# Java VM: OpenJDK 64-Bit Server VM (21.0.1+12-29, mixed mode, sharing, tiered, compressed oops, compressed class ptrs, g1 gc, bsd-amd64)
GC Precious Log:
 CardTable entry size: 512
 Card Set container configuration: InlinePtr #cards 5 size 8 Array Of Cards #cards 12 size 40 Howl #buckets 4 coarsen threshold 1843 Howl Bitmap #cards 512 size 80 coarsen threshold 460 Card regions per heap region 1 cards per card region 2048
 CPUs: 8 total, 8 available
 Memory: 8192M
 Large Page Support: Disabled
 NUMA Support: Disabled
 Compressed Oops: Enabled (Zero based)
 Heap Region Size: 1M
 Heap Min Capacity: 8M
 Heap Initial Capacity: 128M
 Heap Max Capacity: 2G
 Pre-touch: Disabled
 Parallel Workers: 8
 Concurrent Workers: 2
 Concurrent Refinement Workers: 8
 Periodic GC: Disabled
Heap:
 garbage-first heap   total 66560K, used 51514K [0x0000000780000000, 0x0000000800000000)
  region size 1024K, 26 young (26624K), 3 survivors (3072K)
 Metaspace       used 70308K, committed 71040K, reserved 1114112K
  class space    used 9441K, committed 9792K, reserved 1048576K
GC Heap History (20 events):
Event: 16.625 GC heap before
{Heap before GC invocations=16 (full 0):
 garbage-first heap   total 66560K, used 58948K [0x0000000780000000, 0x0000000800000000)
  region size 1024K, 38 young (38912K), 3 survivors (3072K)
 Metaspace       used 51466K, committed 52096K, reserved 1114112K
  class space    used 6673K, committed 6976K, reserved 1048576K
}
Event: 16.627 GC heap after
{Heap after GC invocations=17 (full 0):
 garbage-first heap   total 66560K, used 23803K [0x0000000780000000, 0x0000000800000000)
  region size 1024K, 3 young (3072K), 3 survivors (3072K)
 Metaspace       used 51466K, committed 52096K, reserved 1114112K
  class space    used 6673K, committed 6976K, reserved 1048576K
}
Event: 17.043 GC heap before
{Heap before GC invocations=17 (full 0):
 garbage-first heap   total 66560K, used 58619K [0x0000000780000000, 0x0000000800000000)
  region size 1024K, 37 young (37888K), 3 survivors (3072K)
 Metaspace       used 54843K, committed 55552K, reserved 1114112K
  class space    used 7234K, committed 7552K, reserved 1048576K
}
Event: 17.046 GC heap after
{Heap after GC invocations=18 (full 0):
 garbage-first heap   total 66560K, used 24356K [0x0000000780000000, 0x0000000800000000)
  region size 1024K, 3 young (3072K), 3 survivors (3072K)
 Metaspace       used 54843K, committed 55552K, reserved 1114112K
  class space    used 7234K, committed 7552K, reserved 1048576K
}
Event: 26.342 GC heap before
{Heap before GC invocations=18 (full 0):
 garbage-first heap   total 66560K, used 59172K [0x0000000780000000, 0x0000000800000000)
  region size 1024K, 37 young (37888K), 3 survivors (3072K)
 Metaspace       used 58386K, committed 59008K, reserved 1114112K
  class space    used 7654K, committed 7936K, reserved 1048576K
}
Event: 26.345 GC heap after
{Heap after GC invocations=19 (full 0):
 garbage-first heap   total 66560K, used 25704K [0x0000000780000000, 0x0000000800000000)
  region size 1024K, 4 young (4096K), 4 survivors (4096K)
 Metaspace       used 58386K, committed 59008K, reserved 1114112K
  class space    used 7654K, committed 7936K, reserved 1048576K
}
Event: 26.496 GC heap before
{Heap before GC invocations=19 (full 0):
 garbage-first heap   total 66560K, used 36968K [0x0000000780000000, 0x0000000800000000)
  region size 1024K, 16 young (16384K), 4 survivors (4096K)
 Metaspace       used 59490K, committed 60096K, reserved 1114112K
  class space    used 7746K, committed 8000K, reserved 1048576K
}
Event: 26.499 GC heap after
{Heap after GC invocations=20 (full 0):
 garbage-first heap   total 66560K, used 26811K [0x0000000780000000, 0x0000000800000000)
  region size 1024K, 4 young (4096K), 4 survivors (4096K)
 Metaspace       used 59490K, committed 60096K, reserved 1114112K
  class space    used 7746K, committed 8000K, reserved 1048576K
}
Event: 27.064 GC heap before
{Heap before GC invocations=21 (full 0):
 garbage-first heap   total 66560K, used 57531K [0x0000000780000000, 0x0000000800000000)
  region size 1024K, 34 young (34816K), 4 survivors (4096K)
 Metaspace       used 62022K, committed 62656K, reserved 1114112K
  class space    used 8236K, committed 8512K, reserved 1048576K
}
Event: 27.068 GC heap after
{Heap after GC invocations=22 (full 0):
 garbage-first heap   total 66560K, used 27787K [0x0000000780000000, 0x0000000800000000)
  region size 1024K, 4 young (4096K), 4 survivors (4096K)
 Metaspace       used 62022K, committed 62656K, reserved 1114112K
  class space    used 8236K, committed 8512K, reserved 1048576K
}
Event: 27.367 GC heap before
{Heap before GC invocations=22 (full 0):
 garbage-first heap   total 66560K, used 56459K [0x0000000780000000, 0x0000000800000000)
  region size 1024K, 33 young (33792K), 4 survivors (4096K)
 Metaspace       used 64252K, committed 64832K, reserved 1114112K
  class space    used 8681K, committed 8960K, reserved 1048576K
}
Event: 27.370 GC heap after
{Heap after GC invocations=23 (full 0):
 garbage-first heap   total 66560K, used 29003K [0x0000000780000000, 0x0000000800000000)
  region size 1024K, 4 young (4096K), 4 survivors (4096K)
 Metaspace       used 64252K, committed 64832K, reserved 1114112K
  class space    used 8681K, committed 8960K, reserved 1048576K
}
Event: 27.716 GC heap before
{Heap before GC invocations=23 (full 0):
 garbage-first heap   total 66560K, used 57675K [0x0000000780000000, 0x0000000800000000)
  region size 1024K, 32 young (32768K), 4 survivors (4096K)
 Metaspace       used 66448K, committed 67136K, reserved 1114112K
  class space    used 8983K, committed 9280K, reserved 1048576K
}
Event: 27.719 GC heap after
{Heap after GC invocations=24 (full 0):
 garbage-first heap   total 66560K, used 30047K [0x0000000780000000, 0x0000000800000000)
  region size 1024K, 3 young (3072K), 3 survivors (3072K)
 Metaspace       used 66448K, committed 67136K, reserved 1114112K
  class space    used 8983K, committed 9280K, reserved 1048576K
}
Event: 28.153 GC heap before
{Heap before GC invocations=24 (full 0):
 garbage-first heap   total 66560K, used 58719K [0x0000000780000000, 0x0000000800000000)
  region size 1024K, 31 young (31744K), 3 survivors (3072K)
 Metaspace       used 68576K, committed 69376K, reserved 1114112K
  class space    used 9267K, committed 9664K, reserved 1048576K
}
Event: 28.156 GC heap after
{Heap after GC invocations=25 (full 0):
 garbage-first heap   total 66560K, used 31943K [0x0000000780000000, 0x0000000800000000)
  region size 1024K, 3 young (3072K), 3 survivors (3072K)
 Metaspace       used 68576K, committed 69376K, reserved 1114112K
  class space    used 9267K, committed 9664K, reserved 1048576K
}
Event: 49.460 GC heap before
{Heap before GC invocations=26 (full 0):
 garbage-first heap   total 66560K, used 44231K [0x0000000780000000, 0x0000000800000000)
  region size 1024K, 16 young (16384K), 3 survivors (3072K)
 Metaspace       used 69499K, committed 70208K, reserved 1114112K
  class space    used 9411K, committed 9728K, reserved 1048576K
}
Event: 49.543 GC heap after
{Heap after GC invocations=27 (full 1):
 garbage-first heap   total 66560K, used 25941K [0x0000000780000000, 0x0000000800000000)
  region size 1024K, 0 young (0K), 0 survivors (0K)
 Metaspace       used 69499K, committed 70208K, reserved 1114112K
  class space    used 9411K, committed 9728K, reserved 1048576K
}
Event: 50.828 GC heap before
{Heap before GC invocations=27 (full 1):
 garbage-first heap   total 66560K, used 56661K [0x0000000780000000, 0x0000000800000000)
  region size 1024K, 31 young (31744K), 0 survivors (0K)
 Metaspace       used 69881K, committed 70592K, reserved 1114112K
  class space    used 9421K, committed 9728K, reserved 1048576K
}
Event: 50.830 GC heap after
{Heap after GC invocations=28 (full 1):
 garbage-first heap   total 66560K, used 28986K [0x0000000780000000, 0x0000000800000000)
  region size 1024K, 3 young (3072K), 3 survivors (3072K)
 Metaspace       used 69881K, committed 70592K, reserved 1114112K
  class space    used 9421K, committed 9728K, reserved 1048576K
}

