# JRE version: OpenJDK Runtime Environment (21.0.1+12) (build 21.0.1+12-29)
# Java VM: OpenJDK 64-Bit Server VM (21.0.1+12-29, mixed mode, sharing, tiered, compressed oops, compressed class ptrs, g1 gc, windows-amd64)
GC Precious Log:
 CardTable entry size: 512
 Card Set container configuration: InlinePtr #cards 4 size 8 Array Of Cards #cards 16 size 48 Howl #buckets 8 coarsen threshold 3686 Howl Bitmap #cards 512 size 80 coarsen threshold 460 Card regions per heap region 1 cards per card region 4096
 CPUs: 8 total, 8 available
 Memory: 16183M
 Large Page Support: Disabled
 NUMA Support: Disabled
 Compressed Oops: Enabled (Zero based)
 Heap Region Size: 2M
 Heap Min Capacity: 8M
 Heap Initial Capacity: 254M
 Heap Max Capacity: 4046M
 Pre-touch: Disabled
 Parallel Workers: 8
 Concurrent Workers: 2
 Concurrent Refinement Workers: 8
 Periodic GC: Disabled
Heap:
 garbage-first heap   total 81920K, used 35777K [0x0000000703200000, 0x0000000800000000)
  region size 2048K, 7 young (14336K), 2 survivors (4096K)
 Metaspace       used 77998K, committed 78784K, reserved 1179648K
  class space    used 9624K, committed 9984K, reserved 1048576K
GC Heap History (20 events):
Event: 5.143 GC heap before
{Heap before GC invocations=16 (full 0):
 garbage-first heap   total 81920K, used 34462K [0x0000000703200000, 0x0000000800000000)
  region size 2048K, 8 young (16384K), 3 survivors (6144K)
 Metaspace       used 59542K, committed 60160K, reserved 1114112K
  class space    used 7784K, committed 8064K, reserved 1048576K
}
Event: 5.147 GC heap after
{Heap after GC invocations=17 (full 0):
 garbage-first heap   total 81920K, used 26832K [0x0000000703200000, 0x0000000800000000)
  region size 2048K, 2 young (4096K), 2 survivors (4096K)
 Metaspace       used 59542K, committed 60160K, reserved 1114112K
  class space    used 7784K, committed 8064K, reserved 1048576K
}
Event: 10.569 GC heap before
{Heap before GC invocations=18 (full 0):
 garbage-first heap   total 81920K, used 71888K [0x0000000703200000, 0x0000000800000000)
  region size 2048K, 24 young (49152K), 2 survivors (4096K)
 Metaspace       used 62606K, committed 63296K, reserved 1114112K
  class space    used 8256K, committed 8576K, reserved 1048576K
}
Event: 10.572 GC heap after
{Heap after GC invocations=19 (full 0):
 garbage-first heap   total 81920K, used 29866K [0x0000000703200000, 0x0000000800000000)
  region size 2048K, 3 young (6144K), 3 survivors (6144K)
 Metaspace       used 62606K, committed 63296K, reserved 1114112K
  class space    used 8256K, committed 8576K, reserved 1048576K
}
Event: 10.780 GC heap before
{Heap before GC invocations=19 (full 0):
 garbage-first heap   total 81920K, used 68778K [0x0000000703200000, 0x0000000800000000)
  region size 2048K, 23 young (47104K), 3 survivors (6144K)
 Metaspace       used 66852K, committed 67584K, reserved 1114112K
  class space    used 8812K, committed 9152K, reserved 1048576K
}
Event: 10.789 GC heap after
{Heap after GC invocations=20 (full 0):
 garbage-first heap   total 81920K, used 30340K [0x0000000703200000, 0x0000000800000000)
  region size 2048K, 3 young (6144K), 3 survivors (6144K)
 Metaspace       used 66852K, committed 67584K, reserved 1114112K
  class space    used 8812K, committed 9152K, reserved 1048576K
}
Event: 11.002 GC heap before
{Heap before GC invocations=20 (full 0):
 garbage-first heap   total 81920K, used 67204K [0x0000000703200000, 0x0000000800000000)
  region size 2048K, 22 young (45056K), 3 survivors (6144K)
 Metaspace       used 70792K, committed 71488K, reserved 1114112K
  class space    used 9120K, committed 9408K, reserved 1048576K
}
Event: 11.005 GC heap after
{Heap after GC invocations=21 (full 0):
 garbage-first heap   total 81920K, used 31360K [0x0000000703200000, 0x0000000800000000)
  region size 2048K, 2 young (4096K), 2 survivors (4096K)
 Metaspace       used 70792K, committed 71488K, reserved 1114112K
  class space    used 9120K, committed 9408K, reserved 1048576K
}
Event: 11.309 GC heap before
{Heap before GC invocations=21 (full 0):
 garbage-first heap   total 81920K, used 68224K [0x0000000703200000, 0x0000000800000000)
  region size 2048K, 21 young (43008K), 2 survivors (4096K)
 Metaspace       used 74838K, committed 75520K, reserved 1179648K
  class space    used 9471K, committed 9792K, reserved 1048576K
}
Event: 11.311 GC heap after
{Heap after GC invocations=22 (full 0):
 garbage-first heap   total 81920K, used 32568K [0x0000000703200000, 0x0000000800000000)
  region size 2048K, 2 young (4096K), 2 survivors (4096K)
 Metaspace       used 74838K, committed 75520K, reserved 1179648K
  class space    used 9471K, committed 9792K, reserved 1048576K
}
Event: 64.253 GC heap before
{Heap before GC invocations=23 (full 0):
 garbage-first heap   total 81920K, used 51000K [0x0000000703200000, 0x0000000800000000)
  region size 2048K, 13 young (26624K), 2 survivors (4096K)
 Metaspace       used 76135K, committed 76928K, reserved 1179648K
  class space    used 9585K, committed 9920K, reserved 1048576K
}
Event: 64.286 GC heap after
{Heap after GC invocations=24 (full 1):
 garbage-first heap   total 81920K, used 25681K [0x0000000703200000, 0x0000000800000000)
  region size 2048K, 0 young (0K), 0 survivors (0K)
 Metaspace       used 76105K, committed 76928K, reserved 1179648K
  class space    used 9582K, committed 9920K, reserved 1048576K
}
Event: 64.682 GC heap before
{Heap before GC invocations=24 (full 1):
 garbage-first heap   total 81920K, used 70737K [0x0000000703200000, 0x0000000800000000)
  region size 2048K, 22 young (45056K), 0 survivors (0K)
 Metaspace       used 76584K, committed 77312K, reserved 1179648K
  class space    used 9602K, committed 9920K, reserved 1048576K
}
Event: 64.684 GC heap after
{Heap after GC invocations=25 (full 1):
 garbage-first heap   total 81920K, used 28753K [0x0000000703200000, 0x0000000800000000)
  region size 2048K, 2 young (4096K), 2 survivors (4096K)
 Metaspace       used 76584K, committed 77312K, reserved 1179648K
  class space    used 9602K, committed 9920K, reserved 1048576K
}
Event: 73.360 GC heap before
{Heap before GC invocations=26 (full 1):
 garbage-first heap   total 81920K, used 65617K [0x0000000703200000, 0x0000000800000000)
  region size 2048K, 21 young (43008K), 2 survivors (4096K)
 Metaspace       used 77180K, committed 77888K, reserved 1179648K
  class space    used 9614K, committed 9920K, reserved 1048576K
}
Event: 73.364 GC heap after
{Heap after GC invocations=27 (full 1):
 garbage-first heap   total 81920K, used 31559K [0x0000000703200000, 0x0000000800000000)
  region size 2048K, 3 young (6144K), 3 survivors (6144K)
 Metaspace       used 77180K, committed 77888K, reserved 1179648K
  class space    used 9614K, committed 9920K, reserved 1048576K
}
Event: 232.713 GC heap before
{Heap before GC invocations=27 (full 1):
 garbage-first heap   total 81920K, used 43847K [0x0000000703200000, 0x0000000800000000)
  region size 2048K, 10 young (20480K), 3 survivors (6144K)
 Metaspace       used 77567K, committed 78272K, reserved 1179648K
  class space    used 9618K, committed 9920K, reserved 1048576K
}
Event: 232.746 GC heap after
{Heap after GC invocations=28 (full 2):
 garbage-first heap   total 81920K, used 26148K [0x0000000703200000, 0x0000000800000000)
  region size 2048K, 0 young (0K), 0 survivors (0K)
 Metaspace       used 77535K, committed 78272K, reserved 1179648K
  class space    used 9614K, committed 9920K, reserved 1048576K
}
Event: 233.112 GC heap before
{Heap before GC invocations=28 (full 2):
 garbage-first heap   total 81920K, used 69156K [0x0000000703200000, 0x0000000800000000)
  region size 2048K, 22 young (45056K), 0 survivors (0K)
 Metaspace       used 77825K, committed 78592K, reserved 1179648K
  class space    used 9620K, committed 9984K, reserved 1048576K
}
Event: 233.117 GC heap after
{Heap after GC invocations=29 (full 2):
 garbage-first heap   total 81920K, used 29633K [0x0000000703200000, 0x0000000800000000)
  region size 2048K, 2 young (4096K), 2 survivors (4096K)
 Metaspace       used 77825K, committed 78592K, reserved 1179648K
  class space    used 9620K, committed 9984K, reserved 1048576K
}

