# JRE version: OpenJDK Runtime Environment (21.0.1+12) (build 21.0.1+12-29)
# Java VM: OpenJDK 64-Bit Server VM (21.0.1+12-29, mixed mode, sharing, tiered, compressed oops, compressed class ptrs, g1 gc, windows-amd64)
GC Precious Log:
 CardTable entry size: 512
 Card Set container configuration: InlinePtr #cards 4 size 8 Array Of Cards #cards 16 size 48 Howl #buckets 8 coarsen threshold 3686 Howl Bitmap #cards 512 size 80 coarsen threshold 460 Card regions per heap region 1 cards per card region 4096
 CPUs: 8 total, 8 available
 Memory: 16183M
 Large Page Support: Disabled
 NUMA Support: Disabled
 Compressed Oops: Enabled (Zero based)
 Heap Region Size: 2M
 Heap Min Capacity: 8M
 Heap Initial Capacity: 254M
 Heap Max Capacity: 4046M
 Pre-touch: Disabled
 Parallel Workers: 8
 Concurrent Workers: 2
 Concurrent Refinement Workers: 8
 Periodic GC: Disabled
Heap:
 garbage-first heap   total 81920K, used 37333K [0x0000000703200000, 0x0000000800000000)
  region size 2048K, 8 young (16384K), 2 survivors (4096K)
 Metaspace       used 75205K, committed 75968K, reserved 1179648K
  class space    used 9300K, committed 9664K, reserved 1048576K
GC Heap History (20 events):
Event: 3.856 GC heap before
{Heap before GC invocations=12 (full 0):
 garbage-first heap   total 81920K, used 65560K [0x0000000703200000, 0x0000000800000000)
  region size 2048K, 24 young (49152K), 2 survivors (4096K)
 Metaspace       used 49878K, committed 50432K, reserved 1114112K
  class space    used 6427K, committed 6656K, reserved 1048576K
}
Event: 3.859 GC heap after
{Heap after GC invocations=13 (full 0):
 garbage-first heap   total 81920K, used 23395K [0x0000000703200000, 0x0000000800000000)
  region size 2048K, 2 young (4096K), 2 survivors (4096K)
 Metaspace       used 49878K, committed 50432K, reserved 1114112K
  class space    used 6427K, committed 6656K, reserved 1048576K
}
Event: 4.190 GC heap before
{Heap before GC invocations=13 (full 0):
 garbage-first heap   total 81920K, used 66403K [0x0000000703200000, 0x0000000800000000)
  region size 2048K, 24 young (49152K), 2 survivors (4096K)
 Metaspace       used 54693K, committed 55296K, reserved 1114112K
  class space    used 7151K, committed 7424K, reserved 1048576K
}
Event: 4.193 GC heap after
{Heap after GC invocations=14 (full 0):
 garbage-first heap   total 81920K, used 24254K [0x0000000703200000, 0x0000000800000000)
  region size 2048K, 2 young (4096K), 2 survivors (4096K)
 Metaspace       used 54693K, committed 55296K, reserved 1114112K
  class space    used 7151K, committed 7424K, reserved 1048576K
}
Event: 4.485 GC heap before
{Heap before GC invocations=14 (full 0):
 garbage-first heap   total 81920K, used 69310K [0x0000000703200000, 0x0000000800000000)
  region size 2048K, 24 young (49152K), 2 survivors (4096K)
 Metaspace       used 59261K, committed 59840K, reserved 1114112K
  class space    used 7748K, committed 8000K, reserved 1048576K
}
Event: 4.488 GC heap after
{Heap after GC invocations=15 (full 0):
 garbage-first heap   total 81920K, used 26089K [0x0000000703200000, 0x0000000800000000)
  region size 2048K, 3 young (6144K), 3 survivors (6144K)
 Metaspace       used 59261K, committed 59840K, reserved 1114112K
  class space    used 7748K, committed 8000K, reserved 1048576K
}
Event: 4.584 GC heap before
{Heap before GC invocations=15 (full 0):
 garbage-first heap   total 81920K, used 34281K [0x0000000703200000, 0x0000000800000000)
  region size 2048K, 8 young (16384K), 3 survivors (6144K)
 Metaspace       used 59783K, committed 60416K, reserved 1114112K
  class space    used 7832K, committed 8128K, reserved 1048576K
}
Event: 4.587 GC heap after
{Heap after GC invocations=16 (full 0):
 garbage-first heap   total 81920K, used 27024K [0x0000000703200000, 0x0000000800000000)
  region size 2048K, 2 young (4096K), 2 survivors (4096K)
 Metaspace       used 59783K, committed 60416K, reserved 1114112K
  class space    used 7832K, committed 8128K, reserved 1048576K
}
Event: 10.595 GC heap before
{Heap before GC invocations=17 (full 0):
 garbage-first heap   total 81920K, used 72080K [0x0000000703200000, 0x0000000800000000)
  region size 2048K, 24 young (49152K), 2 survivors (4096K)
 Metaspace       used 63051K, committed 63744K, reserved 1114112K
  class space    used 8320K, committed 8640K, reserved 1048576K
}
Event: 10.599 GC heap after
{Heap after GC invocations=18 (full 0):
 garbage-first heap   total 81920K, used 29603K [0x0000000703200000, 0x0000000800000000)
  region size 2048K, 3 young (6144K), 3 survivors (6144K)
 Metaspace       used 63051K, committed 63744K, reserved 1114112K
  class space    used 8320K, committed 8640K, reserved 1048576K
}
Event: 10.900 GC heap before
{Heap before GC invocations=18 (full 0):
 garbage-first heap   total 81920K, used 68515K [0x0000000703200000, 0x0000000800000000)
  region size 2048K, 23 young (47104K), 3 survivors (6144K)
 Metaspace       used 67072K, committed 67840K, reserved 1114112K
  class space    used 8683K, committed 9024K, reserved 1048576K
}
Event: 10.905 GC heap after
{Heap after GC invocations=19 (full 0):
 garbage-first heap   total 81920K, used 30583K [0x0000000703200000, 0x0000000800000000)
  region size 2048K, 3 young (6144K), 3 survivors (6144K)
 Metaspace       used 67072K, committed 67840K, reserved 1114112K
  class space    used 8683K, committed 9024K, reserved 1048576K
}
Event: 11.166 GC heap before
{Heap before GC invocations=19 (full 0):
 garbage-first heap   total 81920K, used 67447K [0x0000000703200000, 0x0000000800000000)
  region size 2048K, 22 young (45056K), 3 survivors (6144K)
 Metaspace       used 71278K, committed 72064K, reserved 1114112K
  class space    used 9047K, committed 9408K, reserved 1048576K
}
Event: 11.169 GC heap after
{Heap after GC invocations=20 (full 0):
 garbage-first heap   total 81920K, used 31386K [0x0000000703200000, 0x0000000800000000)
  region size 2048K, 2 young (4096K), 2 survivors (4096K)
 Metaspace       used 71278K, committed 72064K, reserved 1114112K
  class space    used 9047K, committed 9408K, reserved 1048576K
}
Event: 33.407 GC heap before
{Heap before GC invocations=20 (full 0):
 garbage-first heap   total 81920K, used 72346K [0x0000000703200000, 0x0000000800000000)
  region size 2048K, 22 young (45056K), 2 survivors (4096K)
 Metaspace       used 73992K, committed 74752K, reserved 1114112K
  class space    used 9230K, committed 9600K, reserved 1048576K
}
Event: 33.410 GC heap after
{Heap after GC invocations=21 (full 0):
 garbage-first heap   total 81920K, used 33366K [0x0000000703200000, 0x0000000800000000)
  region size 2048K, 3 young (6144K), 3 survivors (6144K)
 Metaspace       used 73992K, committed 74752K, reserved 1114112K
  class space    used 9230K, committed 9600K, reserved 1048576K
}
Event: 86.908 GC heap before
{Heap before GC invocations=22 (full 0):
 garbage-first heap   total 81920K, used 41558K [0x0000000703200000, 0x0000000800000000)
  region size 2048K, 8 young (16384K), 3 survivors (6144K)
 Metaspace       used 74563K, committed 75328K, reserved 1179648K
  class space    used 9274K, committed 9600K, reserved 1048576K
}
Event: 86.941 GC heap after
{Heap after GC invocations=23 (full 1):
 garbage-first heap   total 81920K, used 26142K [0x0000000703200000, 0x0000000800000000)
  region size 2048K, 0 young (0K), 0 survivors (0K)
 Metaspace       used 74516K, committed 75328K, reserved 1179648K
  class space    used 9270K, committed 9600K, reserved 1048576K
}
Event: 87.348 GC heap before
{Heap before GC invocations=23 (full 1):
 garbage-first heap   total 81920K, used 67102K [0x0000000703200000, 0x0000000800000000)
  region size 2048K, 21 young (43008K), 0 survivors (0K)
 Metaspace       used 74977K, committed 75776K, reserved 1179648K
  class space    used 9292K, committed 9664K, reserved 1048576K
}
Event: 87.351 GC heap after
{Heap after GC invocations=24 (full 1):
 garbage-first heap   total 81920K, used 29141K [0x0000000703200000, 0x0000000800000000)
  region size 2048K, 2 young (4096K), 2 survivors (4096K)
 Metaspace       used 74977K, committed 75776K, reserved 1179648K
  class space    used 9292K, committed 9664K, reserved 1048576K
}

